<?xml version="1.0" encoding="UTF-8"?>
<!-- Generated by org.testng.reporters.JUnitXMLReporter -->
<testsuite hostname="Welcome-PC" ignored="0" name="Free CRM App TestCases" tests="6" failures="0" timestamp="12 Jul 2018 10:31:19 GMT" time="255.184" errors="0">
  <testcase name="loginPageTitleTest" time="0.07" classname="com.crm.qa.testcases.LoginPageTest"/>
  <testcase name="verifyHomePageTitleTest" time="0.016" classname="com.crm.qa.testcases.HomePageTest"/>
  <testcase name="crmLogoImageTest" time="0.201" classname="com.crm.qa.testcases.LoginPageTest"/>
  <testcase name="verifyUserNameTest" time="0.7" classname="com.crm.qa.testcases.HomePageTest"/>
  <testcase name="loginTest" time="25.406" classname="com.crm.qa.testcases.LoginPageTest"/>
  <testcase name="verifyContactLinkTest" time="0.571" classname="com.crm.qa.testcases.HomePageTest"/>
</testsuite> <!-- Free CRM App TestCases -->
