<?xml version="1.0" encoding="UTF-8"?>
<testng-results skipped="0" failed="0" ignored="0" total="6" passed="6">
  <reporter-output>
  </reporter-output>
  <suite name="FREE CRM Application Test Automation Test Suite" duration-ms="255184" started-at="2018-07-12T10:27:04Z" finished-at="2018-07-12T10:31:19Z">
    <groups>
    </groups>
    <test name="Free CRM App TestCases" duration-ms="255184" started-at="2018-07-12T10:27:04Z" finished-at="2018-07-12T10:31:19Z">
      <class name="com.crm.qa.testcases.HomePageTest">
        <test-method status="PASS" signature="setUp()[pri:0, instance:com.crm.qa.testcases.HomePageTest@1fa1d9b]" name="setUp" is-config="true" duration-ms="38896" started-at="2018-07-12T15:58:17Z" finished-at="2018-07-12T15:58:56Z">
          <reporter-output>
          </reporter-output>
        </test-method> <!-- setUp -->
        <test-method status="PASS" signature="verifyHomePageTitleTest()[pri:1, instance:com.crm.qa.testcases.HomePageTest@1fa1d9b]" name="verifyHomePageTitleTest" duration-ms="16" started-at="2018-07-12T15:58:56Z" finished-at="2018-07-12T15:58:56Z">
          <reporter-output>
          </reporter-output>
        </test-method> <!-- verifyHomePageTitleTest -->
        <test-method status="PASS" signature="tearDown()[pri:0, instance:com.crm.qa.testcases.HomePageTest@1fa1d9b]" name="tearDown" is-config="true" duration-ms="843" started-at="2018-07-12T15:58:56Z" finished-at="2018-07-12T15:58:57Z">
          <reporter-output>
          </reporter-output>
        </test-method> <!-- tearDown -->
        <test-method status="PASS" signature="setUp()[pri:0, instance:com.crm.qa.testcases.HomePageTest@1fa1d9b]" name="setUp" is-config="true" duration-ms="37761" started-at="2018-07-12T15:59:16Z" finished-at="2018-07-12T15:59:53Z">
          <reporter-output>
          </reporter-output>
        </test-method> <!-- setUp -->
        <test-method status="PASS" signature="verifyUserNameTest()[pri:2, instance:com.crm.qa.testcases.HomePageTest@1fa1d9b]" name="verifyUserNameTest" duration-ms="700" started-at="2018-07-12T15:59:53Z" finished-at="2018-07-12T15:59:54Z">
          <reporter-output>
          </reporter-output>
        </test-method> <!-- verifyUserNameTest -->
        <test-method status="PASS" signature="tearDown()[pri:0, instance:com.crm.qa.testcases.HomePageTest@1fa1d9b]" name="tearDown" is-config="true" duration-ms="737" started-at="2018-07-12T15:59:54Z" finished-at="2018-07-12T15:59:55Z">
          <reporter-output>
          </reporter-output>
        </test-method> <!-- tearDown -->
        <test-method status="PASS" signature="setUp()[pri:0, instance:com.crm.qa.testcases.HomePageTest@1fa1d9b]" name="setUp" is-config="true" duration-ms="41369" started-at="2018-07-12T16:00:36Z" finished-at="2018-07-12T16:01:17Z">
          <reporter-output>
          </reporter-output>
        </test-method> <!-- setUp -->
        <test-method status="PASS" signature="verifyContactLinkTest()[pri:3, instance:com.crm.qa.testcases.HomePageTest@1fa1d9b]" name="verifyContactLinkTest" duration-ms="571" started-at="2018-07-12T16:01:17Z" finished-at="2018-07-12T16:01:18Z">
          <reporter-output>
          </reporter-output>
        </test-method> <!-- verifyContactLinkTest -->
        <test-method status="PASS" signature="tearDown()[pri:0, instance:com.crm.qa.testcases.HomePageTest@1fa1d9b]" name="tearDown" is-config="true" duration-ms="753" started-at="2018-07-12T16:01:18Z" finished-at="2018-07-12T16:01:19Z">
          <reporter-output>
          </reporter-output>
        </test-method> <!-- tearDown -->
      </class> <!-- com.crm.qa.testcases.HomePageTest -->
      <class name="com.crm.qa.testcases.LoginPageTest">
        <test-method status="PASS" signature="setUp()[pri:0, instance:com.crm.qa.testcases.LoginPageTest@18355a8]" name="setUp" is-config="true" duration-ms="72836" started-at="2018-07-12T15:57:04Z" finished-at="2018-07-12T15:58:17Z">
          <reporter-output>
          </reporter-output>
        </test-method> <!-- setUp -->
        <test-method status="PASS" signature="loginPageTitleTest()[pri:1, instance:com.crm.qa.testcases.LoginPageTest@18355a8]" name="loginPageTitleTest" duration-ms="70" started-at="2018-07-12T15:58:17Z" finished-at="2018-07-12T15:58:17Z">
          <reporter-output>
          </reporter-output>
        </test-method> <!-- loginPageTitleTest -->
        <test-method status="PASS" signature="tearDown()[pri:0, instance:com.crm.qa.testcases.LoginPageTest@18355a8]" name="tearDown" is-config="true" duration-ms="824" started-at="2018-07-12T15:58:17Z" finished-at="2018-07-12T15:58:17Z">
          <reporter-output>
          </reporter-output>
        </test-method> <!-- tearDown -->
        <test-method status="PASS" signature="setUp()[pri:0, instance:com.crm.qa.testcases.LoginPageTest@18355a8]" name="setUp" is-config="true" duration-ms="16975" started-at="2018-07-12T15:58:57Z" finished-at="2018-07-12T15:59:14Z">
          <reporter-output>
          </reporter-output>
        </test-method> <!-- setUp -->
        <test-method status="PASS" signature="crmLogoImageTest()[pri:2, instance:com.crm.qa.testcases.LoginPageTest@18355a8]" name="crmLogoImageTest" duration-ms="201" started-at="2018-07-12T15:59:14Z" finished-at="2018-07-12T15:59:14Z">
          <reporter-output>
          </reporter-output>
        </test-method> <!-- crmLogoImageTest -->
        <test-method status="PASS" signature="tearDown()[pri:0, instance:com.crm.qa.testcases.LoginPageTest@18355a8]" name="tearDown" is-config="true" duration-ms="1291" started-at="2018-07-12T15:59:14Z" finished-at="2018-07-12T15:59:16Z">
          <reporter-output>
          </reporter-output>
        </test-method> <!-- tearDown -->
        <test-method status="PASS" signature="setUp()[pri:0, instance:com.crm.qa.testcases.LoginPageTest@18355a8]" name="setUp" is-config="true" duration-ms="15009" started-at="2018-07-12T15:59:55Z" finished-at="2018-07-12T16:00:10Z">
          <reporter-output>
          </reporter-output>
        </test-method> <!-- setUp -->
        <test-method status="PASS" signature="loginTest()[pri:3, instance:com.crm.qa.testcases.LoginPageTest@18355a8]" name="loginTest" duration-ms="25406" started-at="2018-07-12T16:00:10Z" finished-at="2018-07-12T16:00:35Z">
          <reporter-output>
          </reporter-output>
        </test-method> <!-- loginTest -->
        <test-method status="PASS" signature="tearDown()[pri:0, instance:com.crm.qa.testcases.LoginPageTest@18355a8]" name="tearDown" is-config="true" duration-ms="748" started-at="2018-07-12T16:00:35Z" finished-at="2018-07-12T16:00:36Z">
          <reporter-output>
          </reporter-output>
        </test-method> <!-- tearDown -->
      </class> <!-- com.crm.qa.testcases.LoginPageTest -->
    </test> <!-- Free CRM App TestCases -->
  </suite> <!-- FREE CRM Application Test Automation Test Suite -->
</testng-results>
